2020-01-10 13:11:03,474 WARN [main] o.s.b.t.j.DuplicateJsonObjectContextCustomizerFactory$DuplicateJsonObjectContextCustomizer [DuplicateJsonObjectContextCustomizerFactory.java : 81] 

Found multiple occurrences of org.json.JSONObject on the class path:

	jar:file:/C:/Users/admin/.m2/repository/org/json/json/20170516/json-20170516.jar!/org/json/JSONObject.class
	jar:file:/C:/Users/admin/.m2/repository/com/vaadin/external/google/android-json/0.0.20131108.vaadin1/android-json-0.0.20131108.vaadin1.jar!/org/json/JSONObject.class

You may wish to exclude one of them to ensure predictable runtime behavior

2020-01-10 13:11:09,060 WARN [main] o.m.s.mapper.ClassPathMapperScanner [Logger.java : 44] Skipping MapperFactoryBean with name 'sysCodeMapper' and 'com.xw.common.mapper.SysCodeMapper' mapperInterface. Bean already defined with the same name!
2020-01-10 13:11:09,060 WARN [main] o.m.s.mapper.ClassPathMapperScanner [Logger.java : 44] Skipping MapperFactoryBean with name 'userMapper' and 'com.xw.common.mapper.UserMapper' mapperInterface. Bean already defined with the same name!
2020-01-10 13:11:09,062 WARN [main] o.m.s.mapper.ClassPathMapperScanner [Logger.java : 44] Skipping MapperFactoryBean with name 'roleMapper' and 'com.xw.common.mapper.RoleMapper' mapperInterface. Bean already defined with the same name!
2020-01-10 13:11:09,063 WARN [main] o.m.s.mapper.ClassPathMapperScanner [Logger.java : 44] Skipping MapperFactoryBean with name 'roleMenuMapper' and 'com.xw.common.mapper.RoleMenuMapper' mapperInterface. Bean already defined with the same name!
2020-01-10 13:11:09,065 WARN [main] o.m.s.mapper.ClassPathMapperScanner [Logger.java : 44] Skipping MapperFactoryBean with name 'sysRoleElementMapper' and 'com.xw.common.mapper.SysRoleElementMapper' mapperInterface. Bean already defined with the same name!
2020-01-10 13:11:09,066 WARN [main] o.m.s.mapper.ClassPathMapperScanner [Logger.java : 44] Skipping MapperFactoryBean with name 'menuMapper' and 'com.xw.common.mapper.MenuMapper' mapperInterface. Bean already defined with the same name!
2020-01-10 13:11:09,067 WARN [main] o.m.s.mapper.ClassPathMapperScanner [Logger.java : 44] Skipping MapperFactoryBean with name 'dictMapper' and 'com.xw.common.mapper.DictMapper' mapperInterface. Bean already defined with the same name!
2020-01-10 13:11:09,068 WARN [main] o.m.s.mapper.ClassPathMapperScanner [Logger.java : 44] Skipping MapperFactoryBean with name 'sysElementMapper' and 'com.xw.common.mapper.SysElementMapper' mapperInterface. Bean already defined with the same name!
2020-01-10 13:11:09,071 WARN [main] o.m.s.mapper.ClassPathMapperScanner [Logger.java : 44] Skipping MapperFactoryBean with name 'operLogMapper' and 'com.xw.common.mapper.OperLogMapper' mapperInterface. Bean already defined with the same name!
2020-01-10 13:11:09,072 WARN [main] o.m.s.mapper.ClassPathMapperScanner [Logger.java : 44] Skipping MapperFactoryBean with name 'userRoleMapper' and 'com.xw.common.mapper.UserRoleMapper' mapperInterface. Bean already defined with the same name!
2020-01-10 13:11:09,086 WARN [main] o.m.s.mapper.ClassPathMapperScanner [Logger.java : 44] Skipping MapperFactoryBean with name 'areaMapper' and 'com.xw.system.mapper.AreaMapper' mapperInterface. Bean already defined with the same name!
2020-01-10 13:11:09,095 WARN [main] o.m.s.mapper.ClassPathMapperScanner [Logger.java : 44] Skipping MapperFactoryBean with name 'organizeMapper' and 'com.xw.system.mapper.OrganizeMapper' mapperInterface. Bean already defined with the same name!
2020-01-10 13:11:12,508 WARN [main] o.s.w.c.s.GenericWebApplicationContext [AbstractApplicationContext.java : 557] Exception encountered during context initialization - cancelling refresh attempt: org.springframework.beans.factory.BeanCreationException: Error creating bean with name 'aesCipherUtil': Injection of autowired dependencies failed; nested exception is java.lang.IllegalArgumentException: Could not resolve placeholder 'shiro.encryptAESKey' in value "${shiro.encryptAESKey}"
2020-01-10 13:17:05,954 WARN [main] o.s.b.t.j.DuplicateJsonObjectContextCustomizerFactory$DuplicateJsonObjectContextCustomizer [DuplicateJsonObjectContextCustomizerFactory.java : 81] 

Found multiple occurrences of org.json.JSONObject on the class path:

	jar:file:/C:/Users/admin/.m2/repository/org/json/json/20170516/json-20170516.jar!/org/json/JSONObject.class
	jar:file:/C:/Users/admin/.m2/repository/com/vaadin/external/google/android-json/0.0.20131108.vaadin1/android-json-0.0.20131108.vaadin1.jar!/org/json/JSONObject.class

You may wish to exclude one of them to ensure predictable runtime behavior

2020-01-10 13:17:11,845 WARN [main] o.m.s.mapper.ClassPathMapperScanner [Logger.java : 44] Skipping MapperFactoryBean with name 'sysCodeMapper' and 'com.xw.common.mapper.SysCodeMapper' mapperInterface. Bean already defined with the same name!
2020-01-10 13:17:11,847 WARN [main] o.m.s.mapper.ClassPathMapperScanner [Logger.java : 44] Skipping MapperFactoryBean with name 'userMapper' and 'com.xw.common.mapper.UserMapper' mapperInterface. Bean already defined with the same name!
2020-01-10 13:17:11,848 WARN [main] o.m.s.mapper.ClassPathMapperScanner [Logger.java : 44] Skipping MapperFactoryBean with name 'roleMapper' and 'com.xw.common.mapper.RoleMapper' mapperInterface. Bean already defined with the same name!
2020-01-10 13:17:11,850 WARN [main] o.m.s.mapper.ClassPathMapperScanner [Logger.java : 44] Skipping MapperFactoryBean with name 'roleMenuMapper' and 'com.xw.common.mapper.RoleMenuMapper' mapperInterface. Bean already defined with the same name!
2020-01-10 13:17:11,851 WARN [main] o.m.s.mapper.ClassPathMapperScanner [Logger.java : 44] Skipping MapperFactoryBean with name 'sysRoleElementMapper' and 'com.xw.common.mapper.SysRoleElementMapper' mapperInterface. Bean already defined with the same name!
2020-01-10 13:17:11,852 WARN [main] o.m.s.mapper.ClassPathMapperScanner [Logger.java : 44] Skipping MapperFactoryBean with name 'menuMapper' and 'com.xw.common.mapper.MenuMapper' mapperInterface. Bean already defined with the same name!
2020-01-10 13:17:11,853 WARN [main] o.m.s.mapper.ClassPathMapperScanner [Logger.java : 44] Skipping MapperFactoryBean with name 'dictMapper' and 'com.xw.common.mapper.DictMapper' mapperInterface. Bean already defined with the same name!
2020-01-10 13:17:11,862 WARN [main] o.m.s.mapper.ClassPathMapperScanner [Logger.java : 44] Skipping MapperFactoryBean with name 'sysElementMapper' and 'com.xw.common.mapper.SysElementMapper' mapperInterface. Bean already defined with the same name!
2020-01-10 13:17:11,865 WARN [main] o.m.s.mapper.ClassPathMapperScanner [Logger.java : 44] Skipping MapperFactoryBean with name 'operLogMapper' and 'com.xw.common.mapper.OperLogMapper' mapperInterface. Bean already defined with the same name!
2020-01-10 13:17:11,867 WARN [main] o.m.s.mapper.ClassPathMapperScanner [Logger.java : 44] Skipping MapperFactoryBean with name 'userRoleMapper' and 'com.xw.common.mapper.UserRoleMapper' mapperInterface. Bean already defined with the same name!
2020-01-10 13:17:11,874 WARN [main] o.m.s.mapper.ClassPathMapperScanner [Logger.java : 44] Skipping MapperFactoryBean with name 'areaMapper' and 'com.xw.system.mapper.AreaMapper' mapperInterface. Bean already defined with the same name!
2020-01-10 13:17:11,877 WARN [main] o.m.s.mapper.ClassPathMapperScanner [Logger.java : 44] Skipping MapperFactoryBean with name 'organizeMapper' and 'com.xw.system.mapper.OrganizeMapper' mapperInterface. Bean already defined with the same name!
2020-01-10 13:17:15,660 WARN [main] o.s.w.c.s.GenericWebApplicationContext [AbstractApplicationContext.java : 557] Exception encountered during context initialization - cancelling refresh attempt: org.springframework.beans.factory.UnsatisfiedDependencyException: Error creating bean with name 'asyncExecutorCommon': Unsatisfied dependency expressed through field 'operLogService'; nested exception is org.springframework.beans.factory.UnsatisfiedDependencyException: Error creating bean with name 'operLogServiceImpl': Unsatisfied dependency expressed through field 'operLogMapper'; nested exception is org.springframework.beans.factory.UnsatisfiedDependencyException: Error creating bean with name 'operLogMapper' defined in URL [jar:file:/C:/Users/admin/.m2/repository/com/xw/core/common/1.0.0/common-1.0.0.jar!/com/xw/common/mapper/OperLogMapper.class]: Unsatisfied dependency expressed through bean property 'sqlSessionFactory'; nested exception is org.springframework.beans.factory.UnsatisfiedDependencyException: Error creating bean with name 'sqlSessionFactory' defined in class path resource [com/baomidou/mybatisplus/autoconfigure/MybatisPlusAutoConfiguration.class]: Unsatisfied dependency expressed through method 'sqlSessionFactory' parameter 0; nested exception is org.springframework.beans.factory.BeanCreationException: Error creating bean with name 'dataSource' defined in class path resource [com/alibaba/druid/spring/boot/autoconfigure/DruidDataSourceAutoConfigure.class]: Invocation of init method failed; nested exception is org.springframework.boot.autoconfigure.jdbc.DataSourceProperties$DataSourceBeanCreationException: Failed to determine a suitable driver class
